{"C:\\Users\\Bruno Braga Ramos\\Documents\\Library\\Agrada\\pbm-library\\src\\components\\UI\\Button\\index.tsx": {"path":"C:\\Users\\Bruno Braga Ramos\\Documents\\Library\\Agrada\\pbm-library\\src\\components\\UI\\Button\\index.tsx","statementMap":{"0":{"start":{"line":8,"column":2},"end":{"line":15,"column":4}},"1":{"start":{"line":18,"column":0},"end":{"line":18,"column":22}}},"fnMap":{"0":{"name":"Button","decl":{"start":{"line":7,"column":9},"end":{"line":7,"column":15}},"loc":{"start":{"line":7,"column":34},"end":{"line":16,"column":1}}}},"branchMap":{},"s":{"0":4,"1":1},"f":{"0":4},"b":{}}
,"C:\\Users\\Bruno Braga Ramos\\Documents\\Library\\Agrada\\pbm-library\\src\\components\\UI\\Container\\index.tsx": {"path":"C:\\Users\\Bruno Braga Ramos\\Documents\\Library\\Agrada\\pbm-library\\src\\components\\UI\\Container\\index.tsx","statementMap":{"0":{"start":{"line":1,"column":0},"end":{"line":1,"column":36}},"1":{"start":{"line":11,"column":2},"end":{"line":23,"column":4}},"2":{"start":{"line":26,"column":0},"end":{"line":26,"column":25}}},"fnMap":{"0":{"name":"Container","decl":{"start":{"line":4,"column":9},"end":{"line":4,"column":18}},"loc":{"start":{"line":10,"column":1},"end":{"line":24,"column":1}}}},"branchMap":{},"s":{"0":1,"1":3,"2":1},"f":{"0":3},"b":{}}
}
